<?xml version="1.0" encoding="UTF-8"?>
<!-- Generated by org.testng.reporters.JUnitReportReporter -->
<testsuite hostname="VINILKUMAR" failures="0" tests="1" name="fpassignment.Exercise" time="8.903" errors="0" timestamp="2024-11-27T17:58:42 IST" skipped="0">
  <testcase classname="fpassignment.Exercise" name="newmethod" time="8.903"/>
</testsuite> <!-- fpassignment.Exercise -->
